July 13, 2025 11:52:05 PM edu.curtin.oose2024s2.assignment2.Simulator run
INFO: Simulation started.
July 13, 2025 11:52:05 PM edu.curtin.oose2024s2.assignment2.Simulator run
INFO: Day 1 completed.
July 13, 2025 11:52:06 PM edu.curtin.oose2024s2.assignment2.Simulator handleTownFounding
INFO: Town founded: Narrow_Knockwick
July 13, 2025 11:52:06 PM edu.curtin.oose2024s2.assignment2.Simulator handleTownFounding
INFO: Town founded: West_Farforth
July 13, 2025 11:52:06 PM edu.curtin.oose2024s2.assignment2.Simulator run
INFO: Day 2 completed.
July 13, 2025 11:52:07 PM edu.curtin.oose2024s2.assignment2.Simulator handleRailwayConstruction
INFO: Railway constructed between Narrow_Knockwick and West_Farforth
July 13, 2025 11:52:07 PM edu.curtin.oose2024s2.assignment2.Simulator run
INFO: Day 3 completed.
July 13, 2025 11:52:08 PM edu.curtin.oose2024s2.assignment2.Simulator handleTownFounding
INFO: Town founded: North_Pimcarden
July 13, 2025 11:52:08 PM edu.curtin.oose2024s2.assignment2.Simulator run
INFO: Day 4 completed.
July 13, 2025 11:52:09 PM edu.curtin.oose2024s2.assignment2.Simulator handleRailwayDuplication
WARNING: Attempted to duplicate a dual-track railway
java.lang.UnsupportedOperationException: Railway not in state to duplicate: Narrow_Knockwick West_Farforth
	at edu.curtin.oose2024s2.assignment2.Simulator.handleRailwayDuplication(Simulator.java:188)
	at edu.curtin.oose2024s2.assignment2.Simulator.processMessages(Simulator.java:93)
	at edu.curtin.oose2024s2.assignment2.Simulator.run(Simulator.java:47)
	at edu.curtin.oose2024s2.assignment2.Main.main(Main.java:15)

July 13, 2025 11:52:09 PM edu.curtin.oose2024s2.assignment2.Simulator run
INFO: Day 5 completed.
July 13, 2025 11:52:10 PM edu.curtin.oose2024s2.assignment2.towns.Town update
INFO: North_Pimcarden updated population to 243
July 13, 2025 11:52:10 PM edu.curtin.oose2024s2.assignment2.Simulator handleTownPopulation
FINER: Population updated for North_Pimcarden to 243
July 13, 2025 11:52:10 PM edu.curtin.oose2024s2.assignment2.Simulator run
INFO: Day 6 completed.
July 13, 2025 11:52:11 PM edu.curtin.oose2024s2.assignment2.towns.Town update
INFO: North_Pimcarden updated population to 287
July 13, 2025 11:52:11 PM edu.curtin.oose2024s2.assignment2.Simulator handleTownPopulation
FINER: Population updated for North_Pimcarden to 287
July 13, 2025 11:52:11 PM edu.curtin.oose2024s2.assignment2.Simulator run
INFO: Day 7 completed.
July 13, 2025 11:52:12 PM edu.curtin.oose2024s2.assignment2.towns.Town update
INFO: New single-track railway connected to Narrow_Knockwick
July 13, 2025 11:52:12 PM edu.curtin.oose2024s2.assignment2.towns.Town update
INFO: New single-track railway connected to West_Farforth
July 13, 2025 11:52:12 PM edu.curtin.oose2024s2.assignment2.towns.RailwayUpdater completeSingleTrackConstruction
INFO: Railway construction complete. Now operational as a single-track railway.
July 13, 2025 11:52:12 PM edu.curtin.oose2024s2.assignment2.towns.Town update
INFO: North_Pimcarden updated population to 290
July 13, 2025 11:52:12 PM edu.curtin.oose2024s2.assignment2.Simulator handleTownPopulation
FINER: Population updated for North_Pimcarden to 290
July 13, 2025 11:52:12 PM edu.curtin.oose2024s2.assignment2.Simulator run
INFO: Day 8 completed.
July 13, 2025 11:52:14 PM edu.curtin.oose2024s2.assignment2.Simulator run
INFO: Day 9 completed.
July 13, 2025 11:52:15 PM edu.curtin.oose2024s2.assignment2.Simulator handleTownFounding
INFO: Town founded: Abbots_Basilmouth
July 13, 2025 11:52:15 PM edu.curtin.oose2024s2.assignment2.Simulator run
INFO: Day 10 completed.
July 13, 2025 11:52:16 PM edu.curtin.oose2024s2.assignment2.towns.Town update
INFO: Narrow_Knockwick updated population to 490
July 13, 2025 11:52:16 PM edu.curtin.oose2024s2.assignment2.Simulator handleTownPopulation
FINER: Population updated for Narrow_Knockwick to 490
July 13, 2025 11:52:16 PM edu.curtin.oose2024s2.assignment2.Simulator run
INFO: Day 11 completed.
July 13, 2025 11:52:17 PM edu.curtin.oose2024s2.assignment2.Simulator run
INFO: Day 12 completed.
July 13, 2025 11:52:18 PM edu.curtin.oose2024s2.assignment2.Simulator handleTownFounding
INFO: Town founded: Down_Deckcester
July 13, 2025 11:52:18 PM edu.curtin.oose2024s2.assignment2.Simulator run
INFO: Day 13 completed.
July 13, 2025 11:52:19 PM edu.curtin.oose2024s2.assignment2.Simulator run
INFO: Day 14 completed.
July 13, 2025 11:52:20 PM edu.curtin.oose2024s2.assignment2.Simulator run
INFO: Day 15 completed.
July 13, 2025 11:52:21 PM edu.curtin.oose2024s2.assignment2.Simulator handleRailwayConstruction
INFO: Railway constructed between West_Farforth and Down_Deckcester
July 13, 2025 11:52:21 PM edu.curtin.oose2024s2.assignment2.Simulator run
INFO: Day 16 completed.
July 13, 2025 11:52:22 PM edu.curtin.oose2024s2.assignment2.towns.Town update
INFO: West_Farforth updated population to 203
July 13, 2025 11:52:22 PM edu.curtin.oose2024s2.assignment2.Simulator handleTownPopulation
FINER: Population updated for West_Farforth to 203
July 13, 2025 11:52:22 PM edu.curtin.oose2024s2.assignment2.Simulator run
INFO: Day 17 completed.
